        -:    0:Source:/usr/include/c++/8/bits/basic_string.h
        -:    0:Graph:Shape_Collection.gcno
        -:    0:Data:Shape_Collection.gcda
        -:    0:Runs:1
        -:    0:Programs:1
        -:    1:// Components for manipulating sequences of characters -*- C++ -*-
        -:    2:
        -:    3:// Copyright (C) 1997-2018 Free Software Foundation, Inc.
        -:    4://
        -:    5:// This file is part of the GNU ISO C++ Library.  This library is free
        -:    6:// software; you can redistribute it and/or modify it under the
        -:    7:// terms of the GNU General Public License as published by the
        -:    8:// Free Software Foundation; either version 3, or (at your option)
        -:    9:// any later version.
        -:   10:
        -:   11:// This library is distributed in the hope that it will be useful,
        -:   12:// but WITHOUT ANY WARRANTY; without even the implied warranty of
        -:   13:// MERCHANTABILITY or FITNESS FOR A PARTICULAR PURPOSE.  See the
        -:   14:// GNU General Public License for more details.
        -:   15:
        -:   16:// Under Section 7 of GPL version 3, you are granted additional
        -:   17:// permissions described in the GCC Runtime Library Exception, version
        -:   18:// 3.1, as published by the Free Software Foundation.
        -:   19:
        -:   20:// You should have received a copy of the GNU General Public License and
        -:   21:// a copy of the GCC Runtime Library Exception along with this program;
        -:   22:// see the files COPYING3 and COPYING.RUNTIME respectively.  If not, see
        -:   23:// <http://www.gnu.org/licenses/>.
        -:   24:
        -:   25:/** @file bits/basic_string.h
        -:   26: *  This is an internal header file, included by other library headers.
        -:   27: *  Do not attempt to use it directly. @headername{string}
        -:   28: */
        -:   29:
        -:   30://
        -:   31:// ISO C++ 14882: 21 Strings library
        -:   32://
        -:   33:
        -:   34:#ifndef _BASIC_STRING_H
        -:   35:#define _BASIC_STRING_H 1
        -:   36:
        -:   37:#pragma GCC system_header
        -:   38:
        -:   39:#include <ext/atomicity.h>
        -:   40:#include <ext/alloc_traits.h>
        -:   41:#include <debug/debug.h>
        -:   42:
        -:   43:#if __cplusplus >= 201103L
        -:   44:#include <initializer_list>
        -:   45:#endif
        -:   46:
        -:   47:#if __cplusplus > 201402L
        -:   48:# include <string_view>
        -:   49:#endif
        -:   50:
        -:   51:namespace std _GLIBCXX_VISIBILITY(default)
        -:   52:{
        -:   53:_GLIBCXX_BEGIN_NAMESPACE_VERSION
        -:   54:
        -:   55:#if __cplusplus >= 201703L
        -:   56:// Support P0426R1 changes to char_traits in C++17.
        -:   57:# define __cpp_lib_constexpr_string 201611L
        -:   58:#endif
        -:   59:
        -:   60:#if _GLIBCXX_USE_CXX11_ABI
        -:   61:_GLIBCXX_BEGIN_NAMESPACE_CXX11
        -:   62:  /**
        -:   63:   *  @class basic_string basic_string.h <string>
        -:   64:   *  @brief  Managing sequences of characters and character-like objects.
        -:   65:   *
        -:   66:   *  @ingroup strings
        -:   67:   *  @ingroup sequences
        -:   68:   *
        -:   69:   *  @tparam _CharT  Type of character
        -:   70:   *  @tparam _Traits  Traits for character type, defaults to
        -:   71:   *                   char_traits<_CharT>.
        -:   72:   *  @tparam _Alloc  Allocator type, defaults to allocator<_CharT>.
        -:   73:   *
        -:   74:   *  Meets the requirements of a <a href="tables.html#65">container</a>, a
        -:   75:   *  <a href="tables.html#66">reversible container</a>, and a
        -:   76:   *  <a href="tables.html#67">sequence</a>.  Of the
        -:   77:   *  <a href="tables.html#68">optional sequence requirements</a>, only
        -:   78:   *  @c push_back, @c at, and @c %array access are supported.
        -:   79:   */
        -:   80:  template<typename _CharT, typename _Traits, typename _Alloc>
        -:   81:    class basic_string
        -:   82:    {
        -:   83:      typedef typename __gnu_cxx::__alloc_traits<_Alloc>::template
        -:   84:	rebind<_CharT>::other _Char_alloc_type;
        -:   85:      typedef __gnu_cxx::__alloc_traits<_Char_alloc_type> _Alloc_traits;
        -:   86:
        -:   87:      // Types:
        -:   88:    public:
        -:   89:      typedef _Traits					traits_type;
        -:   90:      typedef typename _Traits::char_type		value_type;
        -:   91:      typedef _Char_alloc_type				allocator_type;
        -:   92:      typedef typename _Alloc_traits::size_type		size_type;
        -:   93:      typedef typename _Alloc_traits::difference_type	difference_type;
        -:   94:      typedef typename _Alloc_traits::reference		reference;
        -:   95:      typedef typename _Alloc_traits::const_reference	const_reference;
        -:   96:      typedef typename _Alloc_traits::pointer		pointer;
        -:   97:      typedef typename _Alloc_traits::const_pointer	const_pointer;
        -:   98:      typedef __gnu_cxx::__normal_iterator<pointer, basic_string>  iterator;
        -:   99:      typedef __gnu_cxx::__normal_iterator<const_pointer, basic_string>
        -:  100:							const_iterator;
        -:  101:      typedef std::reverse_iterator<const_iterator>	const_reverse_iterator;
        -:  102:      typedef std::reverse_iterator<iterator>		reverse_iterator;
        -:  103:
        -:  104:      ///  Value returned by various member functions when they fail.
        -:  105:      static const size_type	npos = static_cast<size_type>(-1);
        -:  106:
        -:  107:    private:
        -:  108:      // type used for positions in insert, erase etc.
        -:  109:#if __cplusplus < 201103L
        -:  110:      typedef iterator __const_iterator;
        -:  111:#else
        -:  112:      typedef const_iterator __const_iterator;
        -:  113:#endif
        -:  114:
        -:  115:#if __cplusplus > 201402L
        -:  116:      // A helper type for avoiding boiler-plate.
        -:  117:      typedef basic_string_view<_CharT, _Traits> __sv_type;
        -:  118:
        -:  119:      template<typename _Tp, typename _Res>
        -:  120:	using _If_sv = enable_if_t<
        -:  121:	  __and_<is_convertible<const _Tp&, __sv_type>,
        -:  122:		 __not_<is_convertible<const _Tp*, const basic_string*>>,
        -:  123:		 __not_<is_convertible<const _Tp&, const _CharT*>>>::value,
        -:  124:	  _Res>;
        -:  125:
        -:  126:      // Allows an implicit conversion to __sv_type.
        -:  127:      static __sv_type
        -:  128:      _S_to_string_view(__sv_type __svt) noexcept
        -:  129:      { return __svt; }
        -:  130:
        -:  131:      // Wraps a string_view by explicit conversion and thus
        -:  132:      // allows to add an internal constructor that does not
        -:  133:      // participate in overload resolution when a string_view
        -:  134:      // is provided.
        -:  135:      struct __sv_wrapper
        -:  136:      {
        -:  137:	explicit __sv_wrapper(__sv_type __sv) noexcept : _M_sv(__sv) { }
        -:  138:	__sv_type _M_sv;
        -:  139:      };
        -:  140:#endif
        -:  141:
        -:  142:      // Use empty-base optimization: http://www.cantrip.org/emptyopt.html
        -:  143:      struct _Alloc_hider : allocator_type // TODO check __is_final
        -:  144:      {
        -:  145:#if __cplusplus < 201103L
        -:  146:	_Alloc_hider(pointer __dat, const _Alloc& __a = _Alloc())
        -:  147:	: allocator_type(__a), _M_p(__dat) { }
        -:  148:#else
        -:  149:	_Alloc_hider(pointer __dat, const _Alloc& __a)
        -:  150:	: allocator_type(__a), _M_p(__dat) { }
        -:  151:
        -:  152:	_Alloc_hider(pointer __dat, _Alloc&& __a = _Alloc())
        -:  153:	: allocator_type(std::move(__a)), _M_p(__dat) { }
        -:  154:#endif
        -:  155:
        -:  156:	pointer _M_p; // The actual data.
        -:  157:      };
        -:  158:
        -:  159:      _Alloc_hider	_M_dataplus;
        -:  160:      size_type		_M_string_length;
        -:  161:
        -:  162:      enum { _S_local_capacity = 15 / sizeof(_CharT) };
        -:  163:
        -:  164:      union
        -:  165:      {
        -:  166:	_CharT           _M_local_buf[_S_local_capacity + 1];
        -:  167:	size_type        _M_allocated_capacity;
        -:  168:      };
        -:  169:
        -:  170:      void
        -:  171:      _M_data(pointer __p)
        -:  172:      { _M_dataplus._M_p = __p; }
        -:  173:
        -:  174:      void
        -:  175:      _M_length(size_type __length)
        -:  176:      { _M_string_length = __length; }
        -:  177:
        -:  178:      pointer
        -:  179:      _M_data() const
        -:  180:      { return _M_dataplus._M_p; }
        -:  181:
        -:  182:      pointer
        -:  183:      _M_local_data()
        -:  184:      {
        -:  185:#if __cplusplus >= 201103L
        -:  186:	return std::pointer_traits<pointer>::pointer_to(*_M_local_buf);
        -:  187:#else
        -:  188:	return pointer(_M_local_buf);
        -:  189:#endif
        -:  190:      }
        -:  191:
        -:  192:      const_pointer
        -:  193:      _M_local_data() const
        -:  194:      {
        -:  195:#if __cplusplus >= 201103L
        -:  196:	return std::pointer_traits<const_pointer>::pointer_to(*_M_local_buf);
        -:  197:#else
        -:  198:	return const_pointer(_M_local_buf);
        -:  199:#endif
        -:  200:      }
        -:  201:
        -:  202:      void
        -:  203:      _M_capacity(size_type __capacity)
        -:  204:      { _M_allocated_capacity = __capacity; }
        -:  205:
        -:  206:      void
        -:  207:      _M_set_length(size_type __n)
        -:  208:      {
        -:  209:	_M_length(__n);
        -:  210:	traits_type::assign(_M_data()[__n], _CharT());
        -:  211:      }
        -:  212:
        -:  213:      bool
        -:  214:      _M_is_local() const
        -:  215:      { return _M_data() == _M_local_data(); }
        -:  216:
        -:  217:      // Create & Destroy
        -:  218:      pointer
        -:  219:      _M_create(size_type&, size_type);
        -:  220:
        -:  221:      void
        -:  222:      _M_dispose()
        -:  223:      {
        -:  224:	if (!_M_is_local())
        -:  225:	  _M_destroy(_M_allocated_capacity);
        -:  226:      }
        -:  227:
        -:  228:      void
        -:  229:      _M_destroy(size_type __size) throw()
        -:  230:      { _Alloc_traits::deallocate(_M_get_allocator(), _M_data(), __size + 1); }
        -:  231:
        -:  232:      // _M_construct_aux is used to implement the 21.3.1 para 15 which
        -:  233:      // requires special behaviour if _InIterator is an integral type
        -:  234:      template<typename _InIterator>
        -:  235:        void
    #####:  236:        _M_construct_aux(_InIterator __beg, _InIterator __end,
        -:  237:			 std::__false_type)
        -:  238:	{
        -:  239:          typedef typename iterator_traits<_InIterator>::iterator_category _Tag;
    #####:  240:          _M_construct(__beg, __end, _Tag());
    #####:  241:	}
        -:  242:
        -:  243:      // _GLIBCXX_RESOLVE_LIB_DEFECTS
        -:  244:      // 438. Ambiguity in the "do the right thing" clause
        -:  245:      template<typename _Integer>
        -:  246:        void
        -:  247:        _M_construct_aux(_Integer __beg, _Integer __end, std::__true_type)
        -:  248:	{ _M_construct_aux_2(static_cast<size_type>(__beg), __end); }
        -:  249:
        -:  250:      void
        -:  251:      _M_construct_aux_2(size_type __req, _CharT __c)
        -:  252:      { _M_construct(__req, __c); }
        -:  253:
        -:  254:      template<typename _InIterator>
        -:  255:        void
    #####:  256:        _M_construct(_InIterator __beg, _InIterator __end)
        -:  257:	{
        -:  258:	  typedef typename std::__is_integer<_InIterator>::__type _Integral;
    #####:  259:	  _M_construct_aux(__beg, __end, _Integral());
    #####:  260:        }
        -:  261:
        -:  262:      // For Input Iterators, used in istreambuf_iterators, etc.
        -:  263:      template<typename _InIterator>
        -:  264:        void
        -:  265:        _M_construct(_InIterator __beg, _InIterator __end,
        -:  266:		     std::input_iterator_tag);
        -:  267:
        -:  268:      // For forward_iterators up to random_access_iterators, used for
        -:  269:      // string::iterator, _CharT*, etc.
        -:  270:      template<typename _FwdIterator>
        -:  271:        void
        -:  272:        _M_construct(_FwdIterator __beg, _FwdIterator __end,
        -:  273:		     std::forward_iterator_tag);
        -:  274:
        -:  275:      void
        -:  276:      _M_construct(size_type __req, _CharT __c);
        -:  277:
        -:  278:      allocator_type&
        -:  279:      _M_get_allocator()
        -:  280:      { return _M_dataplus; }
        -:  281:
        -:  282:      const allocator_type&
        -:  283:      _M_get_allocator() const
        -:  284:      { return _M_dataplus; }
        -:  285:
        -:  286:    private:
        -:  287:
        -:  288:#ifdef _GLIBCXX_DISAMBIGUATE_REPLACE_INST
        -:  289:      // The explicit instantiations in misc-inst.cc require this due to
        -:  290:      // https://gcc.gnu.org/bugzilla/show_bug.cgi?id=64063
        -:  291:      template<typename _Tp, bool _Requires =
        -:  292:	       !__are_same<_Tp, _CharT*>::__value
        -:  293:	       && !__are_same<_Tp, const _CharT*>::__value
        -:  294:	       && !__are_same<_Tp, iterator>::__value
        -:  295:	       && !__are_same<_Tp, const_iterator>::__value>
        -:  296:	struct __enable_if_not_native_iterator
        -:  297:	{ typedef basic_string& __type; };
        -:  298:      template<typename _Tp>
        -:  299:	struct __enable_if_not_native_iterator<_Tp, false> { };
        -:  300:#endif
        -:  301:
        -:  302:      size_type
        -:  303:      _M_check(size_type __pos, const char* __s) const
        -:  304:      {
        -:  305:	if (__pos > this->size())
        -:  306:	  __throw_out_of_range_fmt(__N("%s: __pos (which is %zu) > "
        -:  307:				       "this->size() (which is %zu)"),
        -:  308:				   __s, __pos, this->size());
        -:  309:	return __pos;
        -:  310:      }
        -:  311:
        -:  312:      void
        -:  313:      _M_check_length(size_type __n1, size_type __n2, const char* __s) const
        -:  314:      {
        -:  315:	if (this->max_size() - (this->size() - __n1) < __n2)
        -:  316:	  __throw_length_error(__N(__s));
        -:  317:      }
        -:  318:
        -:  319:
        -:  320:      // NB: _M_limit doesn't check for a bad __pos value.
        -:  321:      size_type
        -:  322:      _M_limit(size_type __pos, size_type __off) const _GLIBCXX_NOEXCEPT
        -:  323:      {
        -:  324:	const bool __testoff =  __off < this->size() - __pos;
        -:  325:	return __testoff ? __off : this->size() - __pos;
        -:  326:      }
        -:  327:
        -:  328:      // True if _Rep and source do not overlap.
        -:  329:      bool
        -:  330:      _M_disjunct(const _CharT* __s) const _GLIBCXX_NOEXCEPT
        -:  331:      {
        -:  332:	return (less<const _CharT*>()(__s, _M_data())
        -:  333:		|| less<const _CharT*>()(_M_data() + this->size(), __s));
        -:  334:      }
        -:  335:
        -:  336:      // When __n = 1 way faster than the general multichar
        -:  337:      // traits_type::copy/move/assign.
        -:  338:      static void
        -:  339:      _S_copy(_CharT* __d, const _CharT* __s, size_type __n)
        -:  340:      {
        -:  341:	if (__n == 1)
        -:  342:	  traits_type::assign(*__d, *__s);
        -:  343:	else
        -:  344:	  traits_type::copy(__d, __s, __n);
        -:  345:      }
        -:  346:
        -:  347:      static void
        -:  348:      _S_move(_CharT* __d, const _CharT* __s, size_type __n)
        -:  349:      {
        -:  350:	if (__n == 1)
        -:  351:	  traits_type::assign(*__d, *__s);
        -:  352:	else
        -:  353:	  traits_type::move(__d, __s, __n);
        -:  354:      }
        -:  355:
        -:  356:      static void
        -:  357:      _S_assign(_CharT* __d, size_type __n, _CharT __c)
        -:  358:      {
        -:  359:	if (__n == 1)
        -:  360:	  traits_type::assign(*__d, __c);
        -:  361:	else
        -:  362:	  traits_type::assign(__d, __n, __c);
        -:  363:      }
        -:  364:
        -:  365:      // _S_copy_chars is a separate template to permit specialization
        -:  366:      // to optimize for the common case of pointers as iterators.
        -:  367:      template<class _Iterator>
        -:  368:        static void
        -:  369:        _S_copy_chars(_CharT* __p, _Iterator __k1, _Iterator __k2)
        -:  370:        {
        -:  371:	  for (; __k1 != __k2; ++__k1, (void)++__p)
        -:  372:	    traits_type::assign(*__p, *__k1); // These types are off.
        -:  373:	}
        -:  374:
        -:  375:      static void
        -:  376:      _S_copy_chars(_CharT* __p, iterator __k1, iterator __k2) _GLIBCXX_NOEXCEPT
        -:  377:      { _S_copy_chars(__p, __k1.base(), __k2.base()); }
        -:  378:
        -:  379:      static void
        -:  380:      _S_copy_chars(_CharT* __p, const_iterator __k1, const_iterator __k2)
        -:  381:      _GLIBCXX_NOEXCEPT
        -:  382:      { _S_copy_chars(__p, __k1.base(), __k2.base()); }
        -:  383:
        -:  384:      static void
        -:  385:      _S_copy_chars(_CharT* __p, _CharT* __k1, _CharT* __k2) _GLIBCXX_NOEXCEPT
        -:  386:      { _S_copy(__p, __k1, __k2 - __k1); }
        -:  387:
        -:  388:      static void
        -:  389:      _S_copy_chars(_CharT* __p, const _CharT* __k1, const _CharT* __k2)
        -:  390:      _GLIBCXX_NOEXCEPT
        -:  391:      { _S_copy(__p, __k1, __k2 - __k1); }
        -:  392:
        -:  393:      static int
        -:  394:      _S_compare(size_type __n1, size_type __n2) _GLIBCXX_NOEXCEPT
        -:  395:      {
        -:  396:	const difference_type __d = difference_type(__n1 - __n2);
        -:  397:
        -:  398:	if (__d > __gnu_cxx::__numeric_traits<int>::__max)
        -:  399:	  return __gnu_cxx::__numeric_traits<int>::__max;
        -:  400:	else if (__d < __gnu_cxx::__numeric_traits<int>::__min)
        -:  401:	  return __gnu_cxx::__numeric_traits<int>::__min;
        -:  402:	else
        -:  403:	  return int(__d);
        -:  404:      }
        -:  405:
        -:  406:      void
        -:  407:      _M_assign(const basic_string&);
        -:  408:
        -:  409:      void
        -:  410:      _M_mutate(size_type __pos, size_type __len1, const _CharT* __s,
        -:  411:		size_type __len2);
        -:  412:
        -:  413:      void
        -:  414:      _M_erase(size_type __pos, size_type __n);
        -:  415:
        -:  416:    public:
        -:  417:      // Construct/copy/destroy:
        -:  418:      // NB: We overload ctors in some cases instead of using default
        -:  419:      // arguments, per 17.4.4.4 para. 2 item 2.
        -:  420:
        -:  421:      /**
        -:  422:       *  @brief  Default constructor creates an empty string.
        -:  423:       */
        -:  424:      basic_string()
        -:  425:      _GLIBCXX_NOEXCEPT_IF(is_nothrow_default_constructible<_Alloc>::value)
        -:  426:      : _M_dataplus(_M_local_data())
        -:  427:      { _M_set_length(0); }
        -:  428:
        -:  429:      /**
        -:  430:       *  @brief  Construct an empty string using allocator @a a.
        -:  431:       */
        -:  432:      explicit
        -:  433:      basic_string(const _Alloc& __a) _GLIBCXX_NOEXCEPT
        -:  434:      : _M_dataplus(_M_local_data(), __a)
        -:  435:      { _M_set_length(0); }
        -:  436:
        -:  437:      /**
        -:  438:       *  @brief  Construct string with copy of value of @a __str.
        -:  439:       *  @param  __str  Source string.
        -:  440:       */
        -:  441:      basic_string(const basic_string& __str)
        -:  442:      : _M_dataplus(_M_local_data(),
        -:  443:		    _Alloc_traits::_S_select_on_copy(__str._M_get_allocator()))
        -:  444:      { _M_construct(__str._M_data(), __str._M_data() + __str.length()); }
        -:  445:
        -:  446:      // _GLIBCXX_RESOLVE_LIB_DEFECTS
        -:  447:      // 2583. no way to supply an allocator for basic_string(str, pos)
        -:  448:      /**
        -:  449:       *  @brief  Construct string as copy of a substring.
        -:  450:       *  @param  __str  Source string.
        -:  451:       *  @param  __pos  Index of first character to copy from.
        -:  452:       *  @param  __a  Allocator to use.
        -:  453:       */
        -:  454:      basic_string(const basic_string& __str, size_type __pos,
        -:  455:		   const _Alloc& __a = _Alloc())
        -:  456:      : _M_dataplus(_M_local_data(), __a)
        -:  457:      {
        -:  458:	const _CharT* __start = __str._M_data()
        -:  459:	  + __str._M_check(__pos, "basic_string::basic_string");
        -:  460:	_M_construct(__start, __start + __str._M_limit(__pos, npos));
        -:  461:      }
        -:  462:
        -:  463:      /**
        -:  464:       *  @brief  Construct string as copy of a substring.
        -:  465:       *  @param  __str  Source string.
        -:  466:       *  @param  __pos  Index of first character to copy from.
        -:  467:       *  @param  __n  Number of characters to copy.
        -:  468:       */
        -:  469:      basic_string(const basic_string& __str, size_type __pos,
        -:  470:		   size_type __n)
        -:  471:      : _M_dataplus(_M_local_data())
        -:  472:      {
        -:  473:	const _CharT* __start = __str._M_data()
        -:  474:	  + __str._M_check(__pos, "basic_string::basic_string");
        -:  475:	_M_construct(__start, __start + __str._M_limit(__pos, __n));
        -:  476:      }
        -:  477:
        -:  478:      /**
        -:  479:       *  @brief  Construct string as copy of a substring.
        -:  480:       *  @param  __str  Source string.
        -:  481:       *  @param  __pos  Index of first character to copy from.
        -:  482:       *  @param  __n  Number of characters to copy.
        -:  483:       *  @param  __a  Allocator to use.
        -:  484:       */
        -:  485:      basic_string(const basic_string& __str, size_type __pos,
        -:  486:		   size_type __n, const _Alloc& __a)
        -:  487:      : _M_dataplus(_M_local_data(), __a)
        -:  488:      {
        -:  489:	const _CharT* __start
        -:  490:	  = __str._M_data() + __str._M_check(__pos, "string::string");
        -:  491:	_M_construct(__start, __start + __str._M_limit(__pos, __n));
        -:  492:      }
        -:  493:
        -:  494:      /**
        -:  495:       *  @brief  Construct string initialized by a character %array.
        -:  496:       *  @param  __s  Source character %array.
        -:  497:       *  @param  __n  Number of characters to copy.
        -:  498:       *  @param  __a  Allocator to use (default is default allocator).
        -:  499:       *
        -:  500:       *  NB: @a __s must have at least @a __n characters, &apos;\\0&apos;
        -:  501:       *  has no special meaning.
        -:  502:       */
        -:  503:      basic_string(const _CharT* __s, size_type __n,
        -:  504:		   const _Alloc& __a = _Alloc())
        -:  505:      : _M_dataplus(_M_local_data(), __a)
        -:  506:      { _M_construct(__s, __s + __n); }
        -:  507:
        -:  508:      /**
        -:  509:       *  @brief  Construct string as copy of a C string.
        -:  510:       *  @param  __s  Source C string.
        -:  511:       *  @param  __a  Allocator to use (default is default allocator).
        -:  512:       */
        -:  513:#if __cpp_deduction_guides && ! defined _GLIBCXX_DEFINING_STRING_INSTANTIATIONS
        -:  514:      // _GLIBCXX_RESOLVE_LIB_DEFECTS
        -:  515:      // 3076. basic_string CTAD ambiguity
        -:  516:      template<typename = _RequireAllocator<_Alloc>>
        -:  517:#endif
        -:  518:      basic_string(const _CharT* __s, const _Alloc& __a = _Alloc())
        -:  519:      : _M_dataplus(_M_local_data(), __a)
        -:  520:      { _M_construct(__s, __s ? __s + traits_type::length(__s) : __s+npos); }
        -:  521:
        -:  522:      /**
        -:  523:       *  @brief  Construct string as multiple characters.
        -:  524:       *  @param  __n  Number of characters.
        -:  525:       *  @param  __c  Character to use.
        -:  526:       *  @param  __a  Allocator to use (default is default allocator).
        -:  527:       */
        -:  528:#if __cpp_deduction_guides && ! defined _GLIBCXX_DEFINING_STRING_INSTANTIATIONS
        -:  529:      // _GLIBCXX_RESOLVE_LIB_DEFECTS
        -:  530:      // 3076. basic_string CTAD ambiguity
        -:  531:      template<typename = _RequireAllocator<_Alloc>>
        -:  532:#endif
        -:  533:      basic_string(size_type __n, _CharT __c, const _Alloc& __a = _Alloc())
        -:  534:      : _M_dataplus(_M_local_data(), __a)
        -:  535:      { _M_construct(__n, __c); }
        -:  536:
        -:  537:#if __cplusplus >= 201103L
        -:  538:      /**
        -:  539:       *  @brief  Move construct string.
        -:  540:       *  @param  __str  Source string.
        -:  541:       *
        -:  542:       *  The newly-created string contains the exact contents of @a __str.
        -:  543:       *  @a __str is a valid, but unspecified string.
        -:  544:       **/
        -:  545:      basic_string(basic_string&& __str) noexcept
        -:  546:      : _M_dataplus(_M_local_data(), std::move(__str._M_get_allocator()))
        -:  547:      {
        -:  548:	if (__str._M_is_local())
        -:  549:	  {
        -:  550:	    traits_type::copy(_M_local_buf, __str._M_local_buf,
        -:  551:			      _S_local_capacity + 1);
        -:  552:	  }
        -:  553:	else
        -:  554:	  {
        -:  555:	    _M_data(__str._M_data());
        -:  556:	    _M_capacity(__str._M_allocated_capacity);
        -:  557:	  }
        -:  558:
        -:  559:	// Must use _M_length() here not _M_set_length() because
        -:  560:	// basic_stringbuf relies on writing into unallocated capacity so
        -:  561:	// we mess up the contents if we put a '\0' in the string.
        -:  562:	_M_length(__str.length());
        -:  563:	__str._M_data(__str._M_local_data());
        -:  564:	__str._M_set_length(0);
        -:  565:      }
        -:  566:
        -:  567:      /**
        -:  568:       *  @brief  Construct string from an initializer %list.
        -:  569:       *  @param  __l  std::initializer_list of characters.
        -:  570:       *  @param  __a  Allocator to use (default is default allocator).
        -:  571:       */
        -:  572:      basic_string(initializer_list<_CharT> __l, const _Alloc& __a = _Alloc())
        -:  573:      : _M_dataplus(_M_local_data(), __a)
        -:  574:      { _M_construct(__l.begin(), __l.end()); }
        -:  575:
        -:  576:      basic_string(const basic_string& __str, const _Alloc& __a)
        -:  577:      : _M_dataplus(_M_local_data(), __a)
        -:  578:      { _M_construct(__str.begin(), __str.end()); }
        -:  579:
        -:  580:      basic_string(basic_string&& __str, const _Alloc& __a)
        -:  581:      noexcept(_Alloc_traits::_S_always_equal())
        -:  582:      : _M_dataplus(_M_local_data(), __a)
        -:  583:      {
        -:  584:	if (__str._M_is_local())
        -:  585:	  {
        -:  586:	    traits_type::copy(_M_local_buf, __str._M_local_buf,
        -:  587:			      _S_local_capacity + 1);
        -:  588:	    _M_length(__str.length());
        -:  589:	    __str._M_set_length(0);
        -:  590:	  }
        -:  591:	else if (_Alloc_traits::_S_always_equal()
        -:  592:	    || __str.get_allocator() == __a)
        -:  593:	  {
        -:  594:	    _M_data(__str._M_data());
        -:  595:	    _M_length(__str.length());
        -:  596:	    _M_capacity(__str._M_allocated_capacity);
        -:  597:	    __str._M_data(__str._M_local_buf);
        -:  598:	    __str._M_set_length(0);
        -:  599:	  }
        -:  600:	else
        -:  601:	  _M_construct(__str.begin(), __str.end());
        -:  602:      }
        -:  603:
        -:  604:#endif // C++11
        -:  605:
        -:  606:      /**
        -:  607:       *  @brief  Construct string as copy of a range.
        -:  608:       *  @param  __beg  Start of range.
        -:  609:       *  @param  __end  End of range.
        -:  610:       *  @param  __a  Allocator to use (default is default allocator).
        -:  611:       */
        -:  612:#if __cplusplus >= 201103L
        -:  613:      template<typename _InputIterator,
        -:  614:	       typename = std::_RequireInputIter<_InputIterator>>
        -:  615:#else
        -:  616:      template<typename _InputIterator>
        -:  617:#endif
        -:  618:        basic_string(_InputIterator __beg, _InputIterator __end,
        -:  619:		     const _Alloc& __a = _Alloc())
        -:  620:	: _M_dataplus(_M_local_data(), __a)
        -:  621:	{ _M_construct(__beg, __end); }
        -:  622:
        -:  623:#if __cplusplus > 201402L
        -:  624:      /**
        -:  625:       *  @brief  Construct string from a substring of a string_view.
        -:  626:       *  @param  __t   Source object convertible to string view.
        -:  627:       *  @param  __pos The index of the first character to copy from __t.
        -:  628:       *  @param  __n   The number of characters to copy from __t.
        -:  629:       *  @param  __a   Allocator to use.
        -:  630:       */
        -:  631:      template<typename _Tp, typename = _If_sv<_Tp, void>>
        -:  632:	basic_string(const _Tp& __t, size_type __pos, size_type __n,
        -:  633:		     const _Alloc& __a = _Alloc())
        -:  634:	: basic_string(_S_to_string_view(__t).substr(__pos, __n), __a) { }
        -:  635:
        -:  636:      /**
        -:  637:       *  @brief  Construct string from a string_view.
        -:  638:       *  @param  __t  Source object convertible to string view.
        -:  639:       *  @param  __a  Allocator to use (default is default allocator).
        -:  640:       */
        -:  641:      template<typename _Tp, typename = _If_sv<_Tp, void>>
        -:  642:	explicit
        -:  643:	basic_string(const _Tp& __t, const _Alloc& __a = _Alloc())
        -:  644:	: basic_string(__sv_wrapper(_S_to_string_view(__t)), __a) { }
        -:  645:
        -:  646:      /**
        -:  647:       *  @brief  Only internally used: Construct string from a string view
        -:  648:       *          wrapper.
        -:  649:       *  @param  __svw  string view wrapper.
        -:  650:       *  @param  __a  Allocator to use.
        -:  651:       */
        -:  652:      explicit
        -:  653:      basic_string(__sv_wrapper __svw, const _Alloc& __a)
        -:  654:      : basic_string(__svw._M_sv.data(), __svw._M_sv.size(), __a) { }
        -:  655:#endif // C++17
        -:  656:
        -:  657:      /**
        -:  658:       *  @brief  Destroy the string instance.
        -:  659:       */
        -:  660:      ~basic_string()
        -:  661:      { _M_dispose(); }
        -:  662:
        -:  663:      /**
        -:  664:       *  @brief  Assign the value of @a str to this string.
        -:  665:       *  @param  __str  Source string.
        -:  666:       */
        -:  667:      basic_string&
        -:  668:      operator=(const basic_string& __str)
        -:  669:      {
        -:  670:#if __cplusplus >= 201103L
        -:  671:	if (_Alloc_traits::_S_propagate_on_copy_assign())
        -:  672:	  {
        -:  673:	    if (!_Alloc_traits::_S_always_equal() && !_M_is_local()
        -:  674:		&& _M_get_allocator() != __str._M_get_allocator())
        -:  675:	      {
        -:  676:		// Propagating allocator cannot free existing storage so must
        -:  677:		// deallocate it before replacing current allocator.
        -:  678:		if (__str.size() <= _S_local_capacity)
        -:  679:		  {
        -:  680:		    _M_destroy(_M_allocated_capacity);
        -:  681:		    _M_data(_M_local_data());
        -:  682:		    _M_set_length(0);
        -:  683:		  }
        -:  684:		else
        -:  685:		  {
        -:  686:		    const auto __len = __str.size();
        -:  687:		    auto __alloc = __str._M_get_allocator();
        -:  688:		    // If this allocation throws there are no effects:
        -:  689:		    auto __ptr = _Alloc_traits::allocate(__alloc, __len + 1);
        -:  690:		    _M_destroy(_M_allocated_capacity);
        -:  691:		    _M_data(__ptr);
        -:  692:		    _M_capacity(__len);
        -:  693:		    _M_set_length(__len);
        -:  694:		  }
        -:  695:	      }
        -:  696:	    std::__alloc_on_copy(_M_get_allocator(), __str._M_get_allocator());
        -:  697:	  }
        -:  698:#endif
        -:  699:	return this->assign(__str);
        -:  700:      }
        -:  701:
        -:  702:      /**
        -:  703:       *  @brief  Copy contents of @a s into this string.
        -:  704:       *  @param  __s  Source null-terminated string.
        -:  705:       */
        -:  706:      basic_string&
        -:  707:      operator=(const _CharT* __s)
        -:  708:      { return this->assign(__s); }
        -:  709:
        -:  710:      /**
        -:  711:       *  @brief  Set value to string of length 1.
        -:  712:       *  @param  __c  Source character.
        -:  713:       *
        -:  714:       *  Assigning to a character makes this string length 1 and
        -:  715:       *  (*this)[0] == @a c.
        -:  716:       */
        -:  717:      basic_string&
        -:  718:      operator=(_CharT __c)
        -:  719:      {
        -:  720:	this->assign(1, __c);
        -:  721:	return *this;
        -:  722:      }
        -:  723:
        -:  724:#if __cplusplus >= 201103L
        -:  725:      /**
        -:  726:       *  @brief  Move assign the value of @a str to this string.
        -:  727:       *  @param  __str  Source string.
        -:  728:       *
        -:  729:       *  The contents of @a str are moved into this string (without copying).
        -:  730:       *  @a str is a valid, but unspecified string.
        -:  731:       **/
        -:  732:      // PR 58265, this should be noexcept.
        -:  733:      // _GLIBCXX_RESOLVE_LIB_DEFECTS
        -:  734:      // 2063. Contradictory requirements for string move assignment
        -:  735:      basic_string&
        -:  736:      operator=(basic_string&& __str)
        -:  737:      noexcept(_Alloc_traits::_S_nothrow_move())
        -:  738:      {
        -:  739:	if (!_M_is_local() && _Alloc_traits::_S_propagate_on_move_assign()
        -:  740:	    && !_Alloc_traits::_S_always_equal()
        -:  741:	    && _M_get_allocator() != __str._M_get_allocator())
        -:  742:	  {
        -:  743:	    // Destroy existing storage before replacing allocator.
        -:  744:	    _M_destroy(_M_allocated_capacity);
        -:  745:	    _M_data(_M_local_data());
        -:  746:	    _M_set_length(0);
        -:  747:	  }
        -:  748:	// Replace allocator if POCMA is true.
        -:  749:	std::__alloc_on_move(_M_get_allocator(), __str._M_get_allocator());
        -:  750:
        -:  751:	if (__str._M_is_local())
        -:  752:	  {
        -:  753:	    // We've always got room for a short string, just copy it.
        -:  754:	    if (__str.size())
        -:  755:	      this->_S_copy(_M_data(), __str._M_data(), __str.size());
        -:  756:	    _M_set_length(__str.size());
        -:  757:	  }
        -:  758:	else if (_Alloc_traits::_S_propagate_on_move_assign()
        -:  759:	    || _Alloc_traits::_S_always_equal()
        -:  760:	    || _M_get_allocator() == __str._M_get_allocator())
        -:  761:	  {
        -:  762:	    // Just move the allocated pointer, our allocator can free it.
        -:  763:	    pointer __data = nullptr;
        -:  764:	    size_type __capacity;
        -:  765:	    if (!_M_is_local())
        -:  766:	      {
        -:  767:		if (_Alloc_traits::_S_always_equal())
        -:  768:		  {
        -:  769:		    // __str can reuse our existing storage.
        -:  770:		    __data = _M_data();
        -:  771:		    __capacity = _M_allocated_capacity;
        -:  772:		  }
        -:  773:		else // __str can't use it, so free it.
        -:  774:		  _M_destroy(_M_allocated_capacity);
        -:  775:	      }
        -:  776:
        -:  777:	    _M_data(__str._M_data());
        -:  778:	    _M_length(__str.length());
        -:  779:	    _M_capacity(__str._M_allocated_capacity);
        -:  780:	    if (__data)
        -:  781:	      {
        -:  782:		__str._M_data(__data);
        -:  783:		__str._M_capacity(__capacity);
        -:  784:	      }
        -:  785:	    else
        -:  786:	      __str._M_data(__str._M_local_buf);
        -:  787:	  }
        -:  788:	else // Need to do a deep copy
        -:  789:	  assign(__str);
        -:  790:	__str.clear();
        -:  791:	return *this;
        -:  792:      }
        -:  793:
        -:  794:      /**
        -:  795:       *  @brief  Set value to string constructed from initializer %list.
        -:  796:       *  @param  __l  std::initializer_list.
        -:  797:       */
        -:  798:      basic_string&
        -:  799:      operator=(initializer_list<_CharT> __l)
        -:  800:      {
        -:  801:	this->assign(__l.begin(), __l.size());
        -:  802:	return *this;
        -:  803:      }
        -:  804:#endif // C++11
        -:  805:
        -:  806:#if __cplusplus > 201402L
        -:  807:      /**
        -:  808:       *  @brief  Set value to string constructed from a string_view.
        -:  809:       *  @param  __svt  An object convertible to string_view.
        -:  810:       */
        -:  811:     template<typename _Tp>
        -:  812:       _If_sv<_Tp, basic_string&>
        -:  813:       operator=(const _Tp& __svt)
        -:  814:       { return this->assign(__svt); }
        -:  815:
        -:  816:      /**
        -:  817:       *  @brief  Convert to a string_view.
        -:  818:       *  @return A string_view.
        -:  819:       */
        -:  820:      operator __sv_type() const noexcept
        -:  821:      { return __sv_type(data(), size()); }
        -:  822:#endif // C++17
        -:  823:
        -:  824:      // Iterators:
        -:  825:      /**
        -:  826:       *  Returns a read/write iterator that points to the first character in
        -:  827:       *  the %string.
        -:  828:       */
        -:  829:      iterator
        -:  830:      begin() _GLIBCXX_NOEXCEPT
        -:  831:      { return iterator(_M_data()); }
        -:  832:
        -:  833:      /**
        -:  834:       *  Returns a read-only (constant) iterator that points to the first
        -:  835:       *  character in the %string.
        -:  836:       */
        -:  837:      const_iterator
        -:  838:      begin() const _GLIBCXX_NOEXCEPT
        -:  839:      { return const_iterator(_M_data()); }
        -:  840:
        -:  841:      /**
        -:  842:       *  Returns a read/write iterator that points one past the last
        -:  843:       *  character in the %string.
        -:  844:       */
        -:  845:      iterator
        -:  846:      end() _GLIBCXX_NOEXCEPT
        -:  847:      { return iterator(_M_data() + this->size()); }
        -:  848:
        -:  849:      /**
        -:  850:       *  Returns a read-only (constant) iterator that points one past the
        -:  851:       *  last character in the %string.
        -:  852:       */
        -:  853:      const_iterator
        -:  854:      end() const _GLIBCXX_NOEXCEPT
        -:  855:      { return const_iterator(_M_data() + this->size()); }
        -:  856:
        -:  857:      /**
        -:  858:       *  Returns a read/write reverse iterator that points to the last
        -:  859:       *  character in the %string.  Iteration is done in reverse element
        -:  860:       *  order.
        -:  861:       */
        -:  862:      reverse_iterator
        -:  863:      rbegin() _GLIBCXX_NOEXCEPT
        -:  864:      { return reverse_iterator(this->end()); }
        -:  865:
        -:  866:      /**
        -:  867:       *  Returns a read-only (constant) reverse iterator that points
        -:  868:       *  to the last character in the %string.  Iteration is done in
        -:  869:       *  reverse element order.
        -:  870:       */
        -:  871:      const_reverse_iterator
        -:  872:      rbegin() const _GLIBCXX_NOEXCEPT
        -:  873:      { return const_reverse_iterator(this->end()); }
        -:  874:
        -:  875:      /**
        -:  876:       *  Returns a read/write reverse iterator that points to one before the
        -:  877:       *  first character in the %string.  Iteration is done in reverse
        -:  878:       *  element order.
        -:  879:       */
        -:  880:      reverse_iterator
        -:  881:      rend() _GLIBCXX_NOEXCEPT
        -:  882:      { return reverse_iterator(this->begin()); }
        -:  883:
        -:  884:      /**
        -:  885:       *  Returns a read-only (constant) reverse iterator that points
        -:  886:       *  to one before the first character in the %string.  Iteration
        -:  887:       *  is done in reverse element order.
        -:  888:       */
        -:  889:      const_reverse_iterator
        -:  890:      rend() const _GLIBCXX_NOEXCEPT
        -:  891:      { return const_reverse_iterator(this->begin()); }
        -:  892:
        -:  893:#if __cplusplus >= 201103L
        -:  894:      /**
        -:  895:       *  Returns a read-only (constant) iterator that points to the first
        -:  896:       *  character in the %string.
        -:  897:       */
        -:  898:      const_iterator
        -:  899:      cbegin() const noexcept
        -:  900:      { return const_iterator(this->_M_data()); }
        -:  901:
        -:  902:      /**
        -:  903:       *  Returns a read-only (constant) iterator that points one past the
        -:  904:       *  last character in the %string.
        -:  905:       */
        -:  906:      const_iterator
        -:  907:      cend() const noexcept
        -:  908:      { return const_iterator(this->_M_data() + this->size()); }
        -:  909:
        -:  910:      /**
        -:  911:       *  Returns a read-only (constant) reverse iterator that points
        -:  912:       *  to the last character in the %string.  Iteration is done in
        -:  913:       *  reverse element order.
        -:  914:       */
        -:  915:      const_reverse_iterator
        -:  916:      crbegin() const noexcept
        -:  917:      { return const_reverse_iterator(this->end()); }
        -:  918:
        -:  919:      /**
        -:  920:       *  Returns a read-only (constant) reverse iterator that points
        -:  921:       *  to one before the first character in the %string.  Iteration
        -:  922:       *  is done in reverse element order.
        -:  923:       */
        -:  924:      const_reverse_iterator
        -:  925:      crend() const noexcept
        -:  926:      { return const_reverse_iterator(this->begin()); }
        -:  927:#endif
        -:  928:
        -:  929:    public:
        -:  930:      // Capacity:
        -:  931:      ///  Returns the number of characters in the string, not including any
        -:  932:      ///  null-termination.
        -:  933:      size_type
        -:  934:      size() const _GLIBCXX_NOEXCEPT
        -:  935:      { return _M_string_length; }
        -:  936:
        -:  937:      ///  Returns the number of characters in the string, not including any
        -:  938:      ///  null-termination.
        -:  939:      size_type
        -:  940:      length() const _GLIBCXX_NOEXCEPT
        -:  941:      { return _M_string_length; }
        -:  942:
        -:  943:      ///  Returns the size() of the largest possible %string.
        -:  944:      size_type
        -:  945:      max_size() const _GLIBCXX_NOEXCEPT
        -:  946:      { return (_Alloc_traits::max_size(_M_get_allocator()) - 1) / 2; }
        -:  947:
        -:  948:      /**
        -:  949:       *  @brief  Resizes the %string to the specified number of characters.
        -:  950:       *  @param  __n  Number of characters the %string should contain.
        -:  951:       *  @param  __c  Character to fill any new elements.
        -:  952:       *
        -:  953:       *  This function will %resize the %string to the specified
        -:  954:       *  number of characters.  If the number is smaller than the
        -:  955:       *  %string's current size the %string is truncated, otherwise
        -:  956:       *  the %string is extended and new elements are %set to @a __c.
        -:  957:       */
        -:  958:      void
        -:  959:      resize(size_type __n, _CharT __c);
        -:  960:
        -:  961:      /**
        -:  962:       *  @brief  Resizes the %string to the specified number of characters.
        -:  963:       *  @param  __n  Number of characters the %string should contain.
        -:  964:       *
        -:  965:       *  This function will resize the %string to the specified length.  If
        -:  966:       *  the new size is smaller than the %string's current size the %string
        -:  967:       *  is truncated, otherwise the %string is extended and new characters
        -:  968:       *  are default-constructed.  For basic types such as char, this means
        -:  969:       *  setting them to 0.
        -:  970:       */
        -:  971:      void
        -:  972:      resize(size_type __n)
        -:  973:      { this->resize(__n, _CharT()); }
        -:  974:
        -:  975:#if __cplusplus >= 201103L
        -:  976:      ///  A non-binding request to reduce capacity() to size().
        -:  977:      void
        -:  978:      shrink_to_fit() noexcept
        -:  979:      {
        -:  980:#if __cpp_exceptions
        -:  981:	if (capacity() > size())
        -:  982:	  {
        -:  983:	    try
        -:  984:	      { reserve(0); }
        -:  985:	    catch(...)
        -:  986:	      { }
        -:  987:	  }
        -:  988:#endif
        -:  989:      }
        -:  990:#endif
        -:  991:
        -:  992:      /**
        -:  993:       *  Returns the total number of characters that the %string can hold
        -:  994:       *  before needing to allocate more memory.
        -:  995:       */
        -:  996:      size_type
        -:  997:      capacity() const _GLIBCXX_NOEXCEPT
        -:  998:      {
        -:  999:	return _M_is_local() ? size_type(_S_local_capacity)
        -: 1000:	                     : _M_allocated_capacity;
        -: 1001:      }
        -: 1002:
        -: 1003:      /**
        -: 1004:       *  @brief  Attempt to preallocate enough memory for specified number of
        -: 1005:       *          characters.
        -: 1006:       *  @param  __res_arg  Number of characters required.
        -: 1007:       *  @throw  std::length_error  If @a __res_arg exceeds @c max_size().
        -: 1008:       *
        -: 1009:       *  This function attempts to reserve enough memory for the
        -: 1010:       *  %string to hold the specified number of characters.  If the
        -: 1011:       *  number requested is more than max_size(), length_error is
        -: 1012:       *  thrown.
        -: 1013:       *
        -: 1014:       *  The advantage of this function is that if optimal code is a
        -: 1015:       *  necessity and the user can determine the string length that will be
        -: 1016:       *  required, the user can reserve the memory in %advance, and thus
        -: 1017:       *  prevent a possible reallocation of memory and copying of %string
        -: 1018:       *  data.
        -: 1019:       */
        -: 1020:      void
        -: 1021:      reserve(size_type __res_arg = 0);
        -: 1022:
        -: 1023:      /**
        -: 1024:       *  Erases the string, making it empty.
        -: 1025:       */
        -: 1026:      void
        -: 1027:      clear() _GLIBCXX_NOEXCEPT
        -: 1028:      { _M_set_length(0); }
        -: 1029:
        -: 1030:      /**
        -: 1031:       *  Returns true if the %string is empty.  Equivalent to 
        -: 1032:       *  <code>*this == ""</code>.
        -: 1033:       */
        -: 1034:      bool
        -: 1035:      empty() const _GLIBCXX_NOEXCEPT
        -: 1036:      { return this->size() == 0; }
        -: 1037:
        -: 1038:      // Element access:
        -: 1039:      /**
        -: 1040:       *  @brief  Subscript access to the data contained in the %string.
        -: 1041:       *  @param  __pos  The index of the character to access.
        -: 1042:       *  @return  Read-only (constant) reference to the character.
        -: 1043:       *
        -: 1044:       *  This operator allows for easy, array-style, data access.
        -: 1045:       *  Note that data access with this operator is unchecked and
        -: 1046:       *  out_of_range lookups are not defined. (For checked lookups
        -: 1047:       *  see at().)
        -: 1048:       */
        -: 1049:      const_reference
        -: 1050:      operator[] (size_type __pos) const _GLIBCXX_NOEXCEPT
        -: 1051:      {
        -: 1052:	__glibcxx_assert(__pos <= size());
        -: 1053:	return _M_data()[__pos];
        -: 1054:      }
        -: 1055:
        -: 1056:      /**
        -: 1057:       *  @brief  Subscript access to the data contained in the %string.
        -: 1058:       *  @param  __pos  The index of the character to access.
        -: 1059:       *  @return  Read/write reference to the character.
        -: 1060:       *
        -: 1061:       *  This operator allows for easy, array-style, data access.
        -: 1062:       *  Note that data access with this operator is unchecked and
        -: 1063:       *  out_of_range lookups are not defined. (For checked lookups
        -: 1064:       *  see at().)
        -: 1065:       */
        -: 1066:      reference
        -: 1067:      operator[](size_type __pos)
        -: 1068:      {
        -: 1069:        // Allow pos == size() both in C++98 mode, as v3 extension,
        -: 1070:	// and in C++11 mode.
        -: 1071:	__glibcxx_assert(__pos <= size());
        -: 1072:        // In pedantic mode be strict in C++98 mode.
        -: 1073:	_GLIBCXX_DEBUG_PEDASSERT(__cplusplus >= 201103L || __pos < size());
        -: 1074:	return _M_data()[__pos];
        -: 1075:      }
        -: 1076:
        -: 1077:      /**
        -: 1078:       *  @brief  Provides access to the data contained in the %string.
        -: 1079:       *  @param __n The index of the character to access.
        -: 1080:       *  @return  Read-only (const) reference to the character.
        -: 1081:       *  @throw  std::out_of_range  If @a n is an invalid index.
        -: 1082:       *
        -: 1083:       *  This function provides for safer data access.  The parameter is
        -: 1084:       *  first checked that it is in the range of the string.  The function
        -: 1085:       *  throws out_of_range if the check fails.
        -: 1086:       */
        -: 1087:      const_reference
        -: 1088:      at(size_type __n) const
        -: 1089:      {
        -: 1090:	if (__n >= this->size())
        -: 1091:	  __throw_out_of_range_fmt(__N("basic_string::at: __n "
        -: 1092:				       "(which is %zu) >= this->size() "
        -: 1093:				       "(which is %zu)"),
        -: 1094:				   __n, this->size());
        -: 1095:	return _M_data()[__n];
        -: 1096:      }
        -: 1097:
        -: 1098:      /**
        -: 1099:       *  @brief  Provides access to the data contained in the %string.
        -: 1100:       *  @param __n The index of the character to access.
        -: 1101:       *  @return  Read/write reference to the character.
        -: 1102:       *  @throw  std::out_of_range  If @a n is an invalid index.
        -: 1103:       *
        -: 1104:       *  This function provides for safer data access.  The parameter is
        -: 1105:       *  first checked that it is in the range of the string.  The function
        -: 1106:       *  throws out_of_range if the check fails.
        -: 1107:       */
        -: 1108:      reference
        -: 1109:      at(size_type __n)
        -: 1110:      {
        -: 1111:	if (__n >= size())
        -: 1112:	  __throw_out_of_range_fmt(__N("basic_string::at: __n "
        -: 1113:				       "(which is %zu) >= this->size() "
        -: 1114:				       "(which is %zu)"),
        -: 1115:				   __n, this->size());
        -: 1116:	return _M_data()[__n];
        -: 1117:      }
        -: 1118:
        -: 1119:#if __cplusplus >= 201103L
        -: 1120:      /**
        -: 1121:       *  Returns a read/write reference to the data at the first
        -: 1122:       *  element of the %string.
        -: 1123:       */
        -: 1124:      reference
        -: 1125:      front() noexcept
        -: 1126:      {
        -: 1127:	__glibcxx_assert(!empty());
        -: 1128:	return operator[](0);
        -: 1129:      }
        -: 1130:
        -: 1131:      /**
        -: 1132:       *  Returns a read-only (constant) reference to the data at the first
        -: 1133:       *  element of the %string.
        -: 1134:       */
        -: 1135:      const_reference
        -: 1136:      front() const noexcept
        -: 1137:      {
        -: 1138:	__glibcxx_assert(!empty());
        -: 1139:	return operator[](0);
        -: 1140:      }
        -: 1141:
        -: 1142:      /**
        -: 1143:       *  Returns a read/write reference to the data at the last
        -: 1144:       *  element of the %string.
        -: 1145:       */
        -: 1146:      reference
        -: 1147:      back() noexcept
        -: 1148:      {
        -: 1149:	__glibcxx_assert(!empty());
        -: 1150:	return operator[](this->size() - 1);
        -: 1151:      }
        -: 1152:
        -: 1153:      /**
        -: 1154:       *  Returns a read-only (constant) reference to the data at the
        -: 1155:       *  last element of the %string.
        -: 1156:       */
        -: 1157:      const_reference
        -: 1158:      back() const noexcept
        -: 1159:      {
        -: 1160:	__glibcxx_assert(!empty());
        -: 1161:	return operator[](this->size() - 1);
        -: 1162:      }
        -: 1163:#endif
        -: 1164:
        -: 1165:      // Modifiers:
        -: 1166:      /**
        -: 1167:       *  @brief  Append a string to this string.
        -: 1168:       *  @param __str  The string to append.
        -: 1169:       *  @return  Reference to this string.
        -: 1170:       */
        -: 1171:      basic_string&
        -: 1172:      operator+=(const basic_string& __str)
        -: 1173:      { return this->append(__str); }
        -: 1174:
        -: 1175:      /**
        -: 1176:       *  @brief  Append a C string.
        -: 1177:       *  @param __s  The C string to append.
        -: 1178:       *  @return  Reference to this string.
        -: 1179:       */
        -: 1180:      basic_string&
        -: 1181:      operator+=(const _CharT* __s)
        -: 1182:      { return this->append(__s); }
        -: 1183:
        -: 1184:      /**
        -: 1185:       *  @brief  Append a character.
        -: 1186:       *  @param __c  The character to append.
        -: 1187:       *  @return  Reference to this string.
        -: 1188:       */
        -: 1189:      basic_string&
        -: 1190:      operator+=(_CharT __c)
        -: 1191:      {
        -: 1192:	this->push_back(__c);
        -: 1193:	return *this;
        -: 1194:      }
        -: 1195:
        -: 1196:#if __cplusplus >= 201103L
        -: 1197:      /**
        -: 1198:       *  @brief  Append an initializer_list of characters.
        -: 1199:       *  @param __l  The initializer_list of characters to be appended.
        -: 1200:       *  @return  Reference to this string.
        -: 1201:       */
        -: 1202:      basic_string&
        -: 1203:      operator+=(initializer_list<_CharT> __l)
        -: 1204:      { return this->append(__l.begin(), __l.size()); }
        -: 1205:#endif // C++11
        -: 1206:
        -: 1207:#if __cplusplus > 201402L
        -: 1208:      /**
        -: 1209:       *  @brief  Append a string_view.
        -: 1210:       *  @param __svt  An object convertible to string_view to be appended.
        -: 1211:       *  @return  Reference to this string.
        -: 1212:       */
        -: 1213:      template<typename _Tp>
        -: 1214:	_If_sv<_Tp, basic_string&>
        -: 1215:	operator+=(const _Tp& __svt)
        -: 1216:	{ return this->append(__svt); }
        -: 1217:#endif // C++17
        -: 1218:
        -: 1219:      /**
        -: 1220:       *  @brief  Append a string to this string.
        -: 1221:       *  @param __str  The string to append.
        -: 1222:       *  @return  Reference to this string.
        -: 1223:       */
        -: 1224:      basic_string&
        -: 1225:      append(const basic_string& __str)
        -: 1226:      { return _M_append(__str._M_data(), __str.size()); }
        -: 1227:
        -: 1228:      /**
        -: 1229:       *  @brief  Append a substring.
        -: 1230:       *  @param __str  The string to append.
        -: 1231:       *  @param __pos  Index of the first character of str to append.
        -: 1232:       *  @param __n  The number of characters to append.
        -: 1233:       *  @return  Reference to this string.
        -: 1234:       *  @throw  std::out_of_range if @a __pos is not a valid index.
        -: 1235:       *
        -: 1236:       *  This function appends @a __n characters from @a __str
        -: 1237:       *  starting at @a __pos to this string.  If @a __n is is larger
        -: 1238:       *  than the number of available characters in @a __str, the
        -: 1239:       *  remainder of @a __str is appended.
        -: 1240:       */
        -: 1241:      basic_string&
        -: 1242:      append(const basic_string& __str, size_type __pos, size_type __n = npos)
        -: 1243:      { return _M_append(__str._M_data()
        -: 1244:			 + __str._M_check(__pos, "basic_string::append"),
        -: 1245:			 __str._M_limit(__pos, __n)); }
        -: 1246:
        -: 1247:      /**
        -: 1248:       *  @brief  Append a C substring.
        -: 1249:       *  @param __s  The C string to append.
        -: 1250:       *  @param __n  The number of characters to append.
        -: 1251:       *  @return  Reference to this string.
        -: 1252:       */
        -: 1253:      basic_string&
        -: 1254:      append(const _CharT* __s, size_type __n)
        -: 1255:      {
        -: 1256:	__glibcxx_requires_string_len(__s, __n);
        -: 1257:	_M_check_length(size_type(0), __n, "basic_string::append");
        -: 1258:	return _M_append(__s, __n);
        -: 1259:      }
        -: 1260:
        -: 1261:      /**
        -: 1262:       *  @brief  Append a C string.
        -: 1263:       *  @param __s  The C string to append.
        -: 1264:       *  @return  Reference to this string.
        -: 1265:       */
        -: 1266:      basic_string&
        -: 1267:      append(const _CharT* __s)
        -: 1268:      {
        -: 1269:	__glibcxx_requires_string(__s);
        -: 1270:	const size_type __n = traits_type::length(__s);
        -: 1271:	_M_check_length(size_type(0), __n, "basic_string::append");
        -: 1272:	return _M_append(__s, __n);
        -: 1273:      }
        -: 1274:
        -: 1275:      /**
        -: 1276:       *  @brief  Append multiple characters.
        -: 1277:       *  @param __n  The number of characters to append.
        -: 1278:       *  @param __c  The character to use.
        -: 1279:       *  @return  Reference to this string.
        -: 1280:       *
        -: 1281:       *  Appends __n copies of __c to this string.
        -: 1282:       */
        -: 1283:      basic_string&
        -: 1284:      append(size_type __n, _CharT __c)
        -: 1285:      { return _M_replace_aux(this->size(), size_type(0), __n, __c); }
        -: 1286:
        -: 1287:#if __cplusplus >= 201103L
        -: 1288:      /**
        -: 1289:       *  @brief  Append an initializer_list of characters.
        -: 1290:       *  @param __l  The initializer_list of characters to append.
        -: 1291:       *  @return  Reference to this string.
        -: 1292:       */
        -: 1293:      basic_string&
        -: 1294:      append(initializer_list<_CharT> __l)
        -: 1295:      { return this->append(__l.begin(), __l.size()); }
        -: 1296:#endif // C++11
        -: 1297:
        -: 1298:      /**
        -: 1299:       *  @brief  Append a range of characters.
        -: 1300:       *  @param __first  Iterator referencing the first character to append.
        -: 1301:       *  @param __last  Iterator marking the end of the range.
        -: 1302:       *  @return  Reference to this string.
        -: 1303:       *
        -: 1304:       *  Appends characters in the range [__first,__last) to this string.
        -: 1305:       */
        -: 1306:#if __cplusplus >= 201103L
        -: 1307:      template<class _InputIterator,
        -: 1308:	       typename = std::_RequireInputIter<_InputIterator>>
        -: 1309:#else
        -: 1310:      template<class _InputIterator>
        -: 1311:#endif
        -: 1312:        basic_string&
        -: 1313:        append(_InputIterator __first, _InputIterator __last)
        -: 1314:        { return this->replace(end(), end(), __first, __last); }
        -: 1315:
        -: 1316:#if __cplusplus > 201402L
        -: 1317:      /**
        -: 1318:       *  @brief  Append a string_view.
        -: 1319:       *  @param __svt  An object convertible to string_view to be appended.
        -: 1320:       *  @return  Reference to this string.
        -: 1321:       */
        -: 1322:      template<typename _Tp>
        -: 1323:        _If_sv<_Tp, basic_string&>
        -: 1324:        append(const _Tp& __svt)
        -: 1325:        {
        -: 1326:          __sv_type __sv = __svt;
        -: 1327:          return this->append(__sv.data(), __sv.size());
        -: 1328:        }
        -: 1329:
        -: 1330:      /**
        -: 1331:       *  @brief  Append a range of characters from a string_view.
        -: 1332:       *  @param __svt  An object convertible to string_view to be appended from.
        -: 1333:       *  @param __pos The position in the string_view to append from.
        -: 1334:       *  @param __n   The number of characters to append from the string_view.
        -: 1335:       *  @return  Reference to this string.
        -: 1336:       */
        -: 1337:      template<typename _Tp>
        -: 1338:        _If_sv<_Tp, basic_string&>
        -: 1339:	append(const _Tp& __svt, size_type __pos, size_type __n = npos)
        -: 1340:	{
        -: 1341:	  __sv_type __sv = __svt;
        -: 1342:	  return _M_append(__sv.data()
        -: 1343:			   + __sv._M_check(__pos, "basic_string::append"),
        -: 1344:			   __sv._M_limit(__pos, __n));
        -: 1345:	}
        -: 1346:#endif // C++17
        -: 1347:
        -: 1348:      /**
        -: 1349:       *  @brief  Append a single character.
        -: 1350:       *  @param __c  Character to append.
        -: 1351:       */
        -: 1352:      void
        -: 1353:      push_back(_CharT __c)
        -: 1354:      {
        -: 1355:	const size_type __size = this->size();
        -: 1356:	if (__size + 1 > this->capacity())
        -: 1357:	  this->_M_mutate(__size, size_type(0), 0, size_type(1));
        -: 1358:	traits_type::assign(this->_M_data()[__size], __c);
        -: 1359:	this->_M_set_length(__size + 1);
        -: 1360:      }
        -: 1361:
        -: 1362:      /**
        -: 1363:       *  @brief  Set value to contents of another string.
        -: 1364:       *  @param  __str  Source string to use.
        -: 1365:       *  @return  Reference to this string.
        -: 1366:       */
        -: 1367:      basic_string&
        -: 1368:      assign(const basic_string& __str)
        -: 1369:      {
        -: 1370:	this->_M_assign(__str);
        -: 1371:	return *this;
        -: 1372:      }
        -: 1373:
        -: 1374:#if __cplusplus >= 201103L
        -: 1375:      /**
        -: 1376:       *  @brief  Set value to contents of another string.
        -: 1377:       *  @param  __str  Source string to use.
        -: 1378:       *  @return  Reference to this string.
        -: 1379:       *
        -: 1380:       *  This function sets this string to the exact contents of @a __str.
        -: 1381:       *  @a __str is a valid, but unspecified string.
        -: 1382:       */
        -: 1383:      basic_string&
        -: 1384:      assign(basic_string&& __str)
        -: 1385:      noexcept(_Alloc_traits::_S_nothrow_move())
        -: 1386:      {
        -: 1387:	// _GLIBCXX_RESOLVE_LIB_DEFECTS
        -: 1388:	// 2063. Contradictory requirements for string move assignment
        -: 1389:	return *this = std::move(__str);
        -: 1390:      }
        -: 1391:#endif // C++11
        -: 1392:
        -: 1393:      /**
        -: 1394:       *  @brief  Set value to a substring of a string.
        -: 1395:       *  @param __str  The string to use.
        -: 1396:       *  @param __pos  Index of the first character of str.
        -: 1397:       *  @param __n  Number of characters to use.
        -: 1398:       *  @return  Reference to this string.
        -: 1399:       *  @throw  std::out_of_range if @a pos is not a valid index.
        -: 1400:       *
        -: 1401:       *  This function sets this string to the substring of @a __str
        -: 1402:       *  consisting of @a __n characters at @a __pos.  If @a __n is
        -: 1403:       *  is larger than the number of available characters in @a
        -: 1404:       *  __str, the remainder of @a __str is used.
        -: 1405:       */
        -: 1406:      basic_string&
        -: 1407:      assign(const basic_string& __str, size_type __pos, size_type __n = npos)
        -: 1408:      { return _M_replace(size_type(0), this->size(), __str._M_data()
        -: 1409:			  + __str._M_check(__pos, "basic_string::assign"),
        -: 1410:			  __str._M_limit(__pos, __n)); }
        -: 1411:
        -: 1412:      /**
        -: 1413:       *  @brief  Set value to a C substring.
        -: 1414:       *  @param __s  The C string to use.
        -: 1415:       *  @param __n  Number of characters to use.
        -: 1416:       *  @return  Reference to this string.
        -: 1417:       *
        -: 1418:       *  This function sets the value of this string to the first @a __n
        -: 1419:       *  characters of @a __s.  If @a __n is is larger than the number of
        -: 1420:       *  available characters in @a __s, the remainder of @a __s is used.
        -: 1421:       */
        -: 1422:      basic_string&
        -: 1423:      assign(const _CharT* __s, size_type __n)
        -: 1424:      {
        -: 1425:	__glibcxx_requires_string_len(__s, __n);
        -: 1426:	return _M_replace(size_type(0), this->size(), __s, __n);
        -: 1427:      }
        -: 1428:
        -: 1429:      /**
        -: 1430:       *  @brief  Set value to contents of a C string.
        -: 1431:       *  @param __s  The C string to use.
        -: 1432:       *  @return  Reference to this string.
        -: 1433:       *
        -: 1434:       *  This function sets the value of this string to the value of @a __s.
        -: 1435:       *  The data is copied, so there is no dependence on @a __s once the
        -: 1436:       *  function returns.
        -: 1437:       */
        -: 1438:      basic_string&
        -: 1439:      assign(const _CharT* __s)
        -: 1440:      {
        -: 1441:	__glibcxx_requires_string(__s);
        -: 1442:	return _M_replace(size_type(0), this->size(), __s,
        -: 1443:			  traits_type::length(__s));
        -: 1444:      }
        -: 1445:
        -: 1446:      /**
        -: 1447:       *  @brief  Set value to multiple characters.
        -: 1448:       *  @param __n  Length of the resulting string.
        -: 1449:       *  @param __c  The character to use.
        -: 1450:       *  @return  Reference to this string.
        -: 1451:       *
        -: 1452:       *  This function sets the value of this string to @a __n copies of
        -: 1453:       *  character @a __c.
        -: 1454:       */
        -: 1455:      basic_string&
        -: 1456:      assign(size_type __n, _CharT __c)
        -: 1457:      { return _M_replace_aux(size_type(0), this->size(), __n, __c); }
        -: 1458:
        -: 1459:      /**
        -: 1460:       *  @brief  Set value to a range of characters.
        -: 1461:       *  @param __first  Iterator referencing the first character to append.
        -: 1462:       *  @param __last  Iterator marking the end of the range.
        -: 1463:       *  @return  Reference to this string.
        -: 1464:       *
        -: 1465:       *  Sets value of string to characters in the range [__first,__last).
        -: 1466:      */
        -: 1467:#if __cplusplus >= 201103L
        -: 1468:      template<class _InputIterator,
        -: 1469:	       typename = std::_RequireInputIter<_InputIterator>>
        -: 1470:#else
        -: 1471:      template<class _InputIterator>
        -: 1472:#endif
        -: 1473:        basic_string&
        -: 1474:        assign(_InputIterator __first, _InputIterator __last)
        -: 1475:        { return this->replace(begin(), end(), __first, __last); }
        -: 1476:
        -: 1477:#if __cplusplus >= 201103L
        -: 1478:      /**
        -: 1479:       *  @brief  Set value to an initializer_list of characters.
        -: 1480:       *  @param __l  The initializer_list of characters to assign.
        -: 1481:       *  @return  Reference to this string.
        -: 1482:       */
        -: 1483:      basic_string&
        -: 1484:      assign(initializer_list<_CharT> __l)
        -: 1485:      { return this->assign(__l.begin(), __l.size()); }
        -: 1486:#endif // C++11
        -: 1487:
        -: 1488:#if __cplusplus > 201402L
        -: 1489:      /**
        -: 1490:       *  @brief  Set value from a string_view.
        -: 1491:       *  @param __svt  The source object convertible to string_view.
        -: 1492:       *  @return  Reference to this string.
        -: 1493:       */
        -: 1494:      template<typename _Tp>
        -: 1495:	_If_sv<_Tp, basic_string&>
        -: 1496:	assign(const _Tp& __svt)
        -: 1497:	{
        -: 1498:	  __sv_type __sv = __svt;
        -: 1499:	  return this->assign(__sv.data(), __sv.size());
        -: 1500:	}
        -: 1501:
        -: 1502:      /**
        -: 1503:       *  @brief  Set value from a range of characters in a string_view.
        -: 1504:       *  @param __svt  The source object convertible to string_view.
        -: 1505:       *  @param __pos  The position in the string_view to assign from.
        -: 1506:       *  @param __n  The number of characters to assign.
        -: 1507:       *  @return  Reference to this string.
        -: 1508:       */
        -: 1509:      template<typename _Tp>
        -: 1510:	_If_sv<_Tp, basic_string&>
        -: 1511:	assign(const _Tp& __svt, size_type __pos, size_type __n = npos)
        -: 1512:	{
        -: 1513:	  __sv_type __sv = __svt;
        -: 1514:	  return _M_replace(size_type(0), this->size(), __sv.data()
        -: 1515:			    + __sv._M_check(__pos, "basic_string::assign"),
        -: 1516:			    __sv._M_limit(__pos, __n));
        -: 1517:	}
        -: 1518:#endif // C++17
        -: 1519:
        -: 1520:#if __cplusplus >= 201103L
        -: 1521:      /**
        -: 1522:       *  @brief  Insert multiple characters.
        -: 1523:       *  @param __p  Const_iterator referencing location in string to
        -: 1524:       *              insert at.
        -: 1525:       *  @param __n  Number of characters to insert
        -: 1526:       *  @param __c  The character to insert.
        -: 1527:       *  @return  Iterator referencing the first inserted char.
        -: 1528:       *  @throw  std::length_error  If new length exceeds @c max_size().
        -: 1529:       *
        -: 1530:       *  Inserts @a __n copies of character @a __c starting at the
        -: 1531:       *  position referenced by iterator @a __p.  If adding
        -: 1532:       *  characters causes the length to exceed max_size(),
        -: 1533:       *  length_error is thrown.  The value of the string doesn't
        -: 1534:       *  change if an error is thrown.
        -: 1535:      */
        -: 1536:      iterator
        -: 1537:      insert(const_iterator __p, size_type __n, _CharT __c)
        -: 1538:      {
        -: 1539:	_GLIBCXX_DEBUG_PEDASSERT(__p >= begin() && __p <= end());
        -: 1540:	const size_type __pos = __p - begin();
        -: 1541:	this->replace(__p, __p, __n, __c);
        -: 1542:	return iterator(this->_M_data() + __pos);
        -: 1543:      }
        -: 1544:#else
        -: 1545:      /**
        -: 1546:       *  @brief  Insert multiple characters.
        -: 1547:       *  @param __p  Iterator referencing location in string to insert at.
        -: 1548:       *  @param __n  Number of characters to insert
        -: 1549:       *  @param __c  The character to insert.
        -: 1550:       *  @throw  std::length_error  If new length exceeds @c max_size().
        -: 1551:       *
        -: 1552:       *  Inserts @a __n copies of character @a __c starting at the
        -: 1553:       *  position referenced by iterator @a __p.  If adding
        -: 1554:       *  characters causes the length to exceed max_size(),
        -: 1555:       *  length_error is thrown.  The value of the string doesn't
        -: 1556:       *  change if an error is thrown.
        -: 1557:      */
        -: 1558:      void
        -: 1559:      insert(iterator __p, size_type __n, _CharT __c)
        -: 1560:      {	this->replace(__p, __p, __n, __c);  }
        -: 1561:#endif
        -: 1562:
        -: 1563:#if __cplusplus >= 201103L
        -: 1564:      /**
        -: 1565:       *  @brief  Insert a range of characters.
        -: 1566:       *  @param __p  Const_iterator referencing location in string to
        -: 1567:       *              insert at.
        -: 1568:       *  @param __beg  Start of range.
        -: 1569:       *  @param __end  End of range.
        -: 1570:       *  @return  Iterator referencing the first inserted char.
        -: 1571:       *  @throw  std::length_error  If new length exceeds @c max_size().
        -: 1572:       *
        -: 1573:       *  Inserts characters in range [beg,end).  If adding characters
        -: 1574:       *  causes the length to exceed max_size(), length_error is
        -: 1575:       *  thrown.  The value of the string doesn't change if an error
        -: 1576:       *  is thrown.
        -: 1577:      */
        -: 1578:      template<class _InputIterator,
        -: 1579:	       typename = std::_RequireInputIter<_InputIterator>>
        -: 1580:	iterator
        -: 1581:        insert(const_iterator __p, _InputIterator __beg, _InputIterator __end)
        -: 1582:        {
        -: 1583:	  _GLIBCXX_DEBUG_PEDASSERT(__p >= begin() && __p <= end());
        -: 1584:	  const size_type __pos = __p - begin();
        -: 1585:	  this->replace(__p, __p, __beg, __end);
        -: 1586:	  return iterator(this->_M_data() + __pos);
        -: 1587:	}
        -: 1588:#else
        -: 1589:      /**
        -: 1590:       *  @brief  Insert a range of characters.
        -: 1591:       *  @param __p  Iterator referencing location in string to insert at.
        -: 1592:       *  @param __beg  Start of range.
        -: 1593:       *  @param __end  End of range.
        -: 1594:       *  @throw  std::length_error  If new length exceeds @c max_size().
        -: 1595:       *
        -: 1596:       *  Inserts characters in range [__beg,__end).  If adding
        -: 1597:       *  characters causes the length to exceed max_size(),
        -: 1598:       *  length_error is thrown.  The value of the string doesn't
        -: 1599:       *  change if an error is thrown.
        -: 1600:      */
        -: 1601:      template<class _InputIterator>
        -: 1602:        void
        -: 1603:        insert(iterator __p, _InputIterator __beg, _InputIterator __end)
        -: 1604:        { this->replace(__p, __p, __beg, __end); }
        -: 1605:#endif
        -: 1606:
        -: 1607:#if __cplusplus >= 201103L
        -: 1608:      /**
        -: 1609:       *  @brief  Insert an initializer_list of characters.
        -: 1610:       *  @param __p  Iterator referencing location in string to insert at.
        -: 1611:       *  @param __l  The initializer_list of characters to insert.
        -: 1612:       *  @throw  std::length_error  If new length exceeds @c max_size().
        -: 1613:       */
        -: 1614:      void
        -: 1615:      insert(iterator __p, initializer_list<_CharT> __l)
        -: 1616:      {
        -: 1617:	_GLIBCXX_DEBUG_PEDASSERT(__p >= begin() && __p <= end());
        -: 1618:	this->insert(__p - begin(), __l.begin(), __l.size());
        -: 1619:      }
        -: 1620:#endif // C++11
        -: 1621:
        -: 1622:      /**
        -: 1623:       *  @brief  Insert value of a string.
        -: 1624:       *  @param __pos1  Iterator referencing location in string to insert at.
        -: 1625:       *  @param __str  The string to insert.
        -: 1626:       *  @return  Reference to this string.
        -: 1627:       *  @throw  std::length_error  If new length exceeds @c max_size().
        -: 1628:       *
        -: 1629:       *  Inserts value of @a __str starting at @a __pos1.  If adding
        -: 1630:       *  characters causes the length to exceed max_size(),
        -: 1631:       *  length_error is thrown.  The value of the string doesn't
        -: 1632:       *  change if an error is thrown.
        -: 1633:      */
        -: 1634:      basic_string&
        -: 1635:      insert(size_type __pos1, const basic_string& __str)
        -: 1636:      { return this->replace(__pos1, size_type(0),
        -: 1637:			     __str._M_data(), __str.size()); }
        -: 1638:
        -: 1639:      /**
        -: 1640:       *  @brief  Insert a substring.
        -: 1641:       *  @param __pos1  Iterator referencing location in string to insert at.
[...]
        -: 6315:
        -: 6316:  /**
        -: 6317:   *  @brief  Write string to a stream.
        -: 6318:   *  @param __os  Output stream.
        -: 6319:   *  @param __str  String to write out.
        -: 6320:   *  @return  Reference to the output stream.
        -: 6321:   *
        -: 6322:   *  Output characters of @a __str into os following the same rules as for
        -: 6323:   *  writing a C string.
        -: 6324:   */
        -: 6325:  template<typename _CharT, typename _Traits, typename _Alloc>
        -: 6326:    inline basic_ostream<_CharT, _Traits>&
        -: 6327:    operator<<(basic_ostream<_CharT, _Traits>& __os,
        -: 6328:	       const basic_string<_CharT, _Traits, _Alloc>& __str)
        -: 6329:    {
        -: 6330:      // _GLIBCXX_RESOLVE_LIB_DEFECTS
        -: 6331:      // 586. string inserter not a formatted function
        -: 6332:      return __ostream_insert(__os, __str.data(), __str.size());
        -: 6333:    }
        -: 6334:
        -: 6335:  /**
        -: 6336:   *  @brief  Read a line from stream into a string.
        -: 6337:   *  @param __is  Input stream.
        -: 6338:   *  @param __str  Buffer to store into.
        -: 6339:   *  @param __delim  Character marking end of line.
        -: 6340:   *  @return  Reference to the input stream.
        -: 6341:   *
        -: 6342:   *  Stores characters from @a __is into @a __str until @a __delim is
        -: 6343:   *  found, the end of the stream is encountered, or str.max_size()
        -: 6344:   *  is reached.  Any previous contents of @a __str are erased.  If
        -: 6345:   *  @a __delim is encountered, it is extracted but not stored into
        -: 6346:   *  @a __str.
        -: 6347:   */
        -: 6348:  template<typename _CharT, typename _Traits, typename _Alloc>
        -: 6349:    basic_istream<_CharT, _Traits>&
        -: 6350:    getline(basic_istream<_CharT, _Traits>& __is,
        -: 6351:	    basic_string<_CharT, _Traits, _Alloc>& __str, _CharT __delim);
        -: 6352:
        -: 6353:  /**
        -: 6354:   *  @brief  Read a line from stream into a string.
        -: 6355:   *  @param __is  Input stream.
        -: 6356:   *  @param __str  Buffer to store into.
        -: 6357:   *  @return  Reference to the input stream.
        -: 6358:   *
        -: 6359:   *  Stores characters from is into @a __str until &apos;\n&apos; is
        -: 6360:   *  found, the end of the stream is encountered, or str.max_size()
        -: 6361:   *  is reached.  Any previous contents of @a __str are erased.  If
        -: 6362:   *  end of line is encountered, it is extracted but not stored into
        -: 6363:   *  @a __str.
        -: 6364:   */
        -: 6365:  template<typename _CharT, typename _Traits, typename _Alloc>
        -: 6366:    inline basic_istream<_CharT, _Traits>&
        -: 6367:    getline(basic_istream<_CharT, _Traits>& __is,
        -: 6368:	    basic_string<_CharT, _Traits, _Alloc>& __str)
        -: 6369:    { return std::getline(__is, __str, __is.widen('\n')); }
        -: 6370:
        -: 6371:#if __cplusplus >= 201103L
        -: 6372:  /// Read a line from an rvalue stream into a string.
        -: 6373:  template<typename _CharT, typename _Traits, typename _Alloc>
        -: 6374:    inline basic_istream<_CharT, _Traits>&
        -: 6375:    getline(basic_istream<_CharT, _Traits>&& __is,
        -: 6376:	    basic_string<_CharT, _Traits, _Alloc>& __str, _CharT __delim)
        -: 6377:    { return std::getline(__is, __str, __delim); }
        -: 6378:
        -: 6379:  /// Read a line from an rvalue stream into a string.
        -: 6380:  template<typename _CharT, typename _Traits, typename _Alloc>
        -: 6381:    inline basic_istream<_CharT, _Traits>&
        -: 6382:    getline(basic_istream<_CharT, _Traits>&& __is,
        -: 6383:	    basic_string<_CharT, _Traits, _Alloc>& __str)
        -: 6384:    { return std::getline(__is, __str); }
        -: 6385:#endif
        -: 6386:
        -: 6387:  template<>
        -: 6388:    basic_istream<char>&
        -: 6389:    getline(basic_istream<char>& __in, basic_string<char>& __str,
        -: 6390:	    char __delim);
        -: 6391:
        -: 6392:#ifdef _GLIBCXX_USE_WCHAR_T
        -: 6393:  template<>
        -: 6394:    basic_istream<wchar_t>&
        -: 6395:    getline(basic_istream<wchar_t>& __in, basic_string<wchar_t>& __str,
        -: 6396:	    wchar_t __delim);
        -: 6397:#endif  
        -: 6398:
        -: 6399:_GLIBCXX_END_NAMESPACE_VERSION
        -: 6400:} // namespace
        -: 6401:
        -: 6402:#if __cplusplus >= 201103L
        -: 6403:
        -: 6404:#include <ext/string_conversions.h>
        -: 6405:
        -: 6406:namespace std _GLIBCXX_VISIBILITY(default)
        -: 6407:{
        -: 6408:_GLIBCXX_BEGIN_NAMESPACE_VERSION
        -: 6409:_GLIBCXX_BEGIN_NAMESPACE_CXX11
        -: 6410:
        -: 6411:#if _GLIBCXX_USE_C99_STDLIB
        -: 6412:  // 21.4 Numeric Conversions [string.conversions].
        -: 6413:  inline int
        -: 6414:  stoi(const string& __str, size_t* __idx = 0, int __base = 10)
        -: 6415:  { return __gnu_cxx::__stoa<long, int>(&std::strtol, "stoi", __str.c_str(),
        -: 6416:					__idx, __base); }
        -: 6417:
        -: 6418:  inline long
        -: 6419:  stol(const string& __str, size_t* __idx = 0, int __base = 10)
        -: 6420:  { return __gnu_cxx::__stoa(&std::strtol, "stol", __str.c_str(),
        -: 6421:			     __idx, __base); }
        -: 6422:
        -: 6423:  inline unsigned long
        -: 6424:  stoul(const string& __str, size_t* __idx = 0, int __base = 10)
        -: 6425:  { return __gnu_cxx::__stoa(&std::strtoul, "stoul", __str.c_str(),
        -: 6426:			     __idx, __base); }
        -: 6427:
        -: 6428:  inline long long
        -: 6429:  stoll(const string& __str, size_t* __idx = 0, int __base = 10)
        -: 6430:  { return __gnu_cxx::__stoa(&std::strtoll, "stoll", __str.c_str(),
        -: 6431:			     __idx, __base); }
        -: 6432:
        -: 6433:  inline unsigned long long
        -: 6434:  stoull(const string& __str, size_t* __idx = 0, int __base = 10)
        -: 6435:  { return __gnu_cxx::__stoa(&std::strtoull, "stoull", __str.c_str(),
        -: 6436:			     __idx, __base); }
        -: 6437:
        -: 6438:  // NB: strtof vs strtod.
        -: 6439:  inline float
        -: 6440:  stof(const string& __str, size_t* __idx = 0)
        -: 6441:  { return __gnu_cxx::__stoa(&std::strtof, "stof", __str.c_str(), __idx); }
        -: 6442:
        -: 6443:  inline double
        -: 6444:  stod(const string& __str, size_t* __idx = 0)
        -: 6445:  { return __gnu_cxx::__stoa(&std::strtod, "stod", __str.c_str(), __idx); }
        -: 6446:
        -: 6447:  inline long double
        -: 6448:  stold(const string& __str, size_t* __idx = 0)
        -: 6449:  { return __gnu_cxx::__stoa(&std::strtold, "stold", __str.c_str(), __idx); }
        -: 6450:#endif // _GLIBCXX_USE_C99_STDLIB
        -: 6451:
        -: 6452:#if _GLIBCXX_USE_C99_STDIO
        -: 6453:  // NB: (v)snprintf vs sprintf.
        -: 6454:
        -: 6455:  // DR 1261.
        -: 6456:  inline string
        -: 6457:  to_string(int __val)
        -: 6458:  { return __gnu_cxx::__to_xstring<string>(&std::vsnprintf, 4 * sizeof(int),
        -: 6459:					   "%d", __val); }
        -: 6460:
        -: 6461:  inline string
        -: 6462:  to_string(unsigned __val)
        -: 6463:  { return __gnu_cxx::__to_xstring<string>(&std::vsnprintf,
        -: 6464:					   4 * sizeof(unsigned),
        -: 6465:					   "%u", __val); }
        -: 6466:
        -: 6467:  inline string
        -: 6468:  to_string(long __val)
        -: 6469:  { return __gnu_cxx::__to_xstring<string>(&std::vsnprintf, 4 * sizeof(long),
        -: 6470:					   "%ld", __val); }
        -: 6471:
        -: 6472:  inline string
        -: 6473:  to_string(unsigned long __val)
        -: 6474:  { return __gnu_cxx::__to_xstring<string>(&std::vsnprintf,
        -: 6475:					   4 * sizeof(unsigned long),
        -: 6476:					   "%lu", __val); }
        -: 6477:
        -: 6478:  inline string
        -: 6479:  to_string(long long __val)
        -: 6480:  { return __gnu_cxx::__to_xstring<string>(&std::vsnprintf,
        -: 6481:					   4 * sizeof(long long),
        -: 6482:					   "%lld", __val); }
        -: 6483:
        -: 6484:  inline string
        -: 6485:  to_string(unsigned long long __val)
        -: 6486:  { return __gnu_cxx::__to_xstring<string>(&std::vsnprintf,
        -: 6487:					   4 * sizeof(unsigned long long),
        -: 6488:					   "%llu", __val); }
        -: 6489:
        -: 6490:  inline string
        -: 6491:  to_string(float __val)
        -: 6492:  {
        -: 6493:    const int __n = 
        -: 6494:      __gnu_cxx::__numeric_traits<float>::__max_exponent10 + 20;
        -: 6495:    return __gnu_cxx::__to_xstring<string>(&std::vsnprintf, __n,
        -: 6496:					   "%f", __val);
        -: 6497:  }
        -: 6498:
        -: 6499:  inline string
        -: 6500:  to_string(double __val)
        -: 6501:  {
        -: 6502:    const int __n = 
        -: 6503:      __gnu_cxx::__numeric_traits<double>::__max_exponent10 + 20;
        -: 6504:    return __gnu_cxx::__to_xstring<string>(&std::vsnprintf, __n,
        -: 6505:					   "%f", __val);
        -: 6506:  }
        -: 6507:
        -: 6508:  inline string
        -: 6509:  to_string(long double __val)
        -: 6510:  {
        -: 6511:    const int __n = 
        -: 6512:      __gnu_cxx::__numeric_traits<long double>::__max_exponent10 + 20;
        -: 6513:    return __gnu_cxx::__to_xstring<string>(&std::vsnprintf, __n,
        -: 6514:					   "%Lf", __val);
        -: 6515:  }
        -: 6516:#endif // _GLIBCXX_USE_C99_STDIO
        -: 6517:
        -: 6518:#if defined(_GLIBCXX_USE_WCHAR_T) && _GLIBCXX_USE_C99_WCHAR
        -: 6519:  inline int 
        -: 6520:  stoi(const wstring& __str, size_t* __idx = 0, int __base = 10)
        -: 6521:  { return __gnu_cxx::__stoa<long, int>(&std::wcstol, "stoi", __str.c_str(),
        -: 6522:					__idx, __base); }
        -: 6523:
        -: 6524:  inline long 
        -: 6525:  stol(const wstring& __str, size_t* __idx = 0, int __base = 10)
        -: 6526:  { return __gnu_cxx::__stoa(&std::wcstol, "stol", __str.c_str(),
        -: 6527:			     __idx, __base); }
        -: 6528:
        -: 6529:  inline unsigned long
        -: 6530:  stoul(const wstring& __str, size_t* __idx = 0, int __base = 10)
        -: 6531:  { return __gnu_cxx::__stoa(&std::wcstoul, "stoul", __str.c_str(),
        -: 6532:			     __idx, __base); }
        -: 6533:
        -: 6534:  inline long long
        -: 6535:  stoll(const wstring& __str, size_t* __idx = 0, int __base = 10)
        -: 6536:  { return __gnu_cxx::__stoa(&std::wcstoll, "stoll", __str.c_str(),
        -: 6537:			     __idx, __base); }
        -: 6538:
        -: 6539:  inline unsigned long long
        -: 6540:  stoull(const wstring& __str, size_t* __idx = 0, int __base = 10)
        -: 6541:  { return __gnu_cxx::__stoa(&std::wcstoull, "stoull", __str.c_str(),
        -: 6542:			     __idx, __base); }
        -: 6543:
        -: 6544:  // NB: wcstof vs wcstod.
        -: 6545:  inline float
        -: 6546:  stof(const wstring& __str, size_t* __idx = 0)
        -: 6547:  { return __gnu_cxx::__stoa(&std::wcstof, "stof", __str.c_str(), __idx); }
        -: 6548:
        -: 6549:  inline double
        -: 6550:  stod(const wstring& __str, size_t* __idx = 0)
        -: 6551:  { return __gnu_cxx::__stoa(&std::wcstod, "stod", __str.c_str(), __idx); }
        -: 6552:
        -: 6553:  inline long double
        -: 6554:  stold(const wstring& __str, size_t* __idx = 0)
        -: 6555:  { return __gnu_cxx::__stoa(&std::wcstold, "stold", __str.c_str(), __idx); }
        -: 6556:
        -: 6557:#ifndef _GLIBCXX_HAVE_BROKEN_VSWPRINTF
        -: 6558:  // DR 1261.
        -: 6559:  inline wstring
        -: 6560:  to_wstring(int __val)
        -: 6561:  { return __gnu_cxx::__to_xstring<wstring>(&std::vswprintf, 4 * sizeof(int),
        -: 6562:					    L"%d", __val); }
        -: 6563:
        -: 6564:  inline wstring
        -: 6565:  to_wstring(unsigned __val)
        -: 6566:  { return __gnu_cxx::__to_xstring<wstring>(&std::vswprintf,
        -: 6567:					    4 * sizeof(unsigned),
        -: 6568:					    L"%u", __val); }
        -: 6569:
        -: 6570:  inline wstring
        -: 6571:  to_wstring(long __val)
        -: 6572:  { return __gnu_cxx::__to_xstring<wstring>(&std::vswprintf, 4 * sizeof(long),
        -: 6573:					    L"%ld", __val); }
        -: 6574:
        -: 6575:  inline wstring
        -: 6576:  to_wstring(unsigned long __val)
        -: 6577:  { return __gnu_cxx::__to_xstring<wstring>(&std::vswprintf,
        -: 6578:					    4 * sizeof(unsigned long),
        -: 6579:					    L"%lu", __val); }
        -: 6580:
        -: 6581:  inline wstring
        -: 6582:  to_wstring(long long __val)
        -: 6583:  { return __gnu_cxx::__to_xstring<wstring>(&std::vswprintf,
        -: 6584:					    4 * sizeof(long long),
        -: 6585:					    L"%lld", __val); }
        -: 6586:
        -: 6587:  inline wstring
        -: 6588:  to_wstring(unsigned long long __val)
        -: 6589:  { return __gnu_cxx::__to_xstring<wstring>(&std::vswprintf,
        -: 6590:					    4 * sizeof(unsigned long long),
        -: 6591:					    L"%llu", __val); }
        -: 6592:
        -: 6593:  inline wstring
        -: 6594:  to_wstring(float __val)
        -: 6595:  {
        -: 6596:    const int __n =
        -: 6597:      __gnu_cxx::__numeric_traits<float>::__max_exponent10 + 20;
        -: 6598:    return __gnu_cxx::__to_xstring<wstring>(&std::vswprintf, __n,
        -: 6599:					    L"%f", __val);
        -: 6600:  }
        -: 6601:
        -: 6602:  inline wstring
        -: 6603:  to_wstring(double __val)
        -: 6604:  {
        -: 6605:    const int __n =
        -: 6606:      __gnu_cxx::__numeric_traits<double>::__max_exponent10 + 20;
        -: 6607:    return __gnu_cxx::__to_xstring<wstring>(&std::vswprintf, __n,
        -: 6608:					    L"%f", __val);
        -: 6609:  }
        -: 6610:
        -: 6611:  inline wstring
        -: 6612:  to_wstring(long double __val)
        -: 6613:  {
        -: 6614:    const int __n =
        -: 6615:      __gnu_cxx::__numeric_traits<long double>::__max_exponent10 + 20;
        -: 6616:    return __gnu_cxx::__to_xstring<wstring>(&std::vswprintf, __n,
        -: 6617:					    L"%Lf", __val);
        -: 6618:  }
        -: 6619:#endif // _GLIBCXX_HAVE_BROKEN_VSWPRINTF
        -: 6620:#endif // _GLIBCXX_USE_WCHAR_T && _GLIBCXX_USE_C99_WCHAR
        -: 6621:
        -: 6622:_GLIBCXX_END_NAMESPACE_CXX11
        -: 6623:_GLIBCXX_END_NAMESPACE_VERSION
        -: 6624:} // namespace
        -: 6625:
        -: 6626:#endif /* C++11 */
        -: 6627:
        -: 6628:#if __cplusplus >= 201103L
        -: 6629:
        -: 6630:#include <bits/functional_hash.h>
        -: 6631:
        -: 6632:namespace std _GLIBCXX_VISIBILITY(default)
        -: 6633:{
        -: 6634:_GLIBCXX_BEGIN_NAMESPACE_VERSION
        -: 6635:
        -: 6636:  // DR 1182.
        -: 6637:
        -: 6638:#ifndef _GLIBCXX_COMPATIBILITY_CXX0X
        -: 6639:  /// std::hash specialization for string.
        -: 6640:  template<>
        -: 6641:    struct hash<string>
        -: 6642:    : public __hash_base<size_t, string>
        -: 6643:    {
        -: 6644:      size_t
        -: 6645:      operator()(const string& __s) const noexcept
        -: 6646:      { return std::_Hash_impl::hash(__s.data(), __s.length()); }
        -: 6647:    };
        -: 6648:
        -: 6649:  template<>
        -: 6650:    struct __is_fast_hash<hash<string>> : std::false_type
        -: 6651:    { };
        -: 6652:
        -: 6653:#ifdef _GLIBCXX_USE_WCHAR_T
        -: 6654:  /// std::hash specialization for wstring.
        -: 6655:  template<>
        -: 6656:    struct hash<wstring>
        -: 6657:    : public __hash_base<size_t, wstring>
        -: 6658:    {
        -: 6659:      size_t
        -: 6660:      operator()(const wstring& __s) const noexcept
        -: 6661:      { return std::_Hash_impl::hash(__s.data(),
        -: 6662:                                     __s.length() * sizeof(wchar_t)); }
        -: 6663:    };
        -: 6664:
        -: 6665:  template<>
        -: 6666:    struct __is_fast_hash<hash<wstring>> : std::false_type
        -: 6667:    { };
        -: 6668:#endif
        -: 6669:#endif /* _GLIBCXX_COMPATIBILITY_CXX0X */
        -: 6670:
        -: 6671:#ifdef _GLIBCXX_USE_C99_STDINT_TR1
        -: 6672:  /// std::hash specialization for u16string.
        -: 6673:  template<>
        -: 6674:    struct hash<u16string>
        -: 6675:    : public __hash_base<size_t, u16string>
        -: 6676:    {
        -: 6677:      size_t
        -: 6678:      operator()(const u16string& __s) const noexcept
        -: 6679:      { return std::_Hash_impl::hash(__s.data(),
        -: 6680:                                     __s.length() * sizeof(char16_t)); }
        -: 6681:    };
        -: 6682:
        -: 6683:  template<>
        -: 6684:    struct __is_fast_hash<hash<u16string>> : std::false_type
        -: 6685:    { };
        -: 6686:
        -: 6687:  /// std::hash specialization for u32string.
        -: 6688:  template<>
        -: 6689:    struct hash<u32string>
        -: 6690:    : public __hash_base<size_t, u32string>
        -: 6691:    {
        -: 6692:      size_t
        -: 6693:      operator()(const u32string& __s) const noexcept
        -: 6694:      { return std::_Hash_impl::hash(__s.data(),
        -: 6695:                                     __s.length() * sizeof(char32_t)); }
        -: 6696:    };
        -: 6697:
        -: 6698:  template<>
        -: 6699:    struct __is_fast_hash<hash<u32string>> : std::false_type
        -: 6700:    { };
        -: 6701:#endif
        -: 6702:
        -: 6703:#if __cplusplus > 201103L
        -: 6704:
        -: 6705:#define __cpp_lib_string_udls 201304
        -: 6706:
        -: 6707:  inline namespace literals
        -: 6708:  {
        -: 6709:  inline namespace string_literals
        -: 6710:  {
        -: 6711:#pragma GCC diagnostic push
        -: 6712:#pragma GCC diagnostic ignored "-Wliteral-suffix"
        -: 6713:    _GLIBCXX_DEFAULT_ABI_TAG
        -: 6714:    inline basic_string<char>
        -: 6715:    operator""s(const char* __str, size_t __len)
        -: 6716:    { return basic_string<char>{__str, __len}; }
        -: 6717:
        -: 6718:#ifdef _GLIBCXX_USE_WCHAR_T
        -: 6719:    _GLIBCXX_DEFAULT_ABI_TAG
        -: 6720:    inline basic_string<wchar_t>
        -: 6721:    operator""s(const wchar_t* __str, size_t __len)
        -: 6722:    { return basic_string<wchar_t>{__str, __len}; }
        -: 6723:#endif
        -: 6724:
        -: 6725:#ifdef _GLIBCXX_USE_C99_STDINT_TR1
        -: 6726:    _GLIBCXX_DEFAULT_ABI_TAG
        -: 6727:    inline basic_string<char16_t>
        -: 6728:    operator""s(const char16_t* __str, size_t __len)
        -: 6729:    { return basic_string<char16_t>{__str, __len}; }
        -: 6730:
        -: 6731:    _GLIBCXX_DEFAULT_ABI_TAG
        -: 6732:    inline basic_string<char32_t>
        -: 6733:    operator""s(const char32_t* __str, size_t __len)
        -: 6734:    { return basic_string<char32_t>{__str, __len}; }
        -: 6735:#endif
        -: 6736:
        -: 6737:#pragma GCC diagnostic pop
        -: 6738:  } // inline namespace string_literals
        -: 6739:  } // inline namespace literals
        -: 6740:
        -: 6741:#endif // __cplusplus > 201103L
        -: 6742:
        -: 6743:_GLIBCXX_END_NAMESPACE_VERSION
        -: 6744:} // namespace std
        -: 6745:
        -: 6746:#endif // C++11
        -: 6747:
        -: 6748:#endif /* _BASIC_STRING_H */
